<?xml version="1.0" encoding="UTF-8"?>
<!-- Generated by org.testng.reporters.JUnitReportReporter -->
<testsuite hostname="Anubhav-Trivedi" failures="0" tests="1" name="testcases.LoginFailureTest" time="92.267" errors="0" timestamp="2022-03-13T11:24:49 IST" skipped="0">
  <testcase classname="testcases.LoginFailureTest" name="ExternalData" time="92.267"/>
  <system-out/>
</testsuite> <!-- testcases.LoginFailureTest -->
