<?xml version="1.0" encoding="UTF-8"?>
<!-- Generated by org.testng.reporters.JUnitReportReporter -->
<testsuite skipped="0" hostname="Anubhav-Trivedi" name="testcases.LoginFailureTest" tests="1" failures="0" timestamp="2022-03-19T09:48:05 IST" time="38.362" errors="0">
  <testcase name="ExternalData" time="38.362" classname="testcases.LoginFailureTest"/>
  <system-out/>
</testsuite> <!-- testcases.LoginFailureTest -->
